<?xml version="1.0" encoding="UTF-8"?>
<!-- Generated by org.testng.reporters.JUnitReportReporter -->
<testsuite hostname="DESKTOP-SFILRGV" failures="0" tests="2" name="dta.test" time="34.646" errors="0" timestamp="2023-07-20T12:56:38 IST" skipped="0">
  <testcase classname="dta.test" name="sample" time="17.480"/>
  <testcase classname="dta.test" name="sample" time="17.166"/>
</testsuite> <!-- dta.test -->
