<?xml version="1.0" encoding="UTF-8"?>
<!-- Generated by org.testng.reporters.JUnitReportReporter -->
<testsuite hostname="DESKTOP-SFILRGV" failures="0" tests="3" name="demo1.testng_123" time="25.256" errors="0" timestamp="2023-07-20T12:40:50 IST" skipped="0">
  <testcase classname="demo1.testng_123" name="test" time="6.758"/>
  <testcase classname="demo1.testng_123" name="test" time="9.259"/>
  <testcase classname="demo1.testng_123" name="test" time="9.239"/>
</testsuite> <!-- demo1.testng_123 -->
