<?xml version="1.0" encoding="UTF-8"?>
<!-- Generated by org.testng.reporters.JUnitReportReporter -->
<testsuite hostname="DESKTOP-SFILRGV" failures="0" tests="1" name="demo.sample" time="0.009" errors="0" timestamp="2023-07-18T12:21:56 IST" skipped="0">
  <testcase classname="demo.sample" name="simple" time="0.009"/>
</testsuite> <!-- demo.sample -->
