<?xml version="1.0" encoding="UTF-8"?>
<!-- Generated by org.testng.reporters.JUnitReportReporter -->
<testsuite hostname="DESKTOP-SFILRGV" failures="0" tests="1" name="Testing_POM.Runner_script" time="4.887" errors="0" timestamp="2023-07-20T12:42:50 IST" skipped="0">
  <testcase classname="Testing_POM.Runner_script" name="Fb" time="4.887"/>
</testsuite> <!-- Testing_POM.Runner_script -->
